# JRE version: Java(TM) SE Runtime Environment (8.0_25-b18) (build 1.8.0_25-b18)
# Java VM: Java HotSpot(TM) 64-Bit Server VM (25.25-b02 mixed mode windows-amd64 compressed oops)
Heap:
 PSYoungGen      total 156160K, used 5953K [0x00000000d5580000, 0x00000000dfd80000, 0x0000000100000000)
  eden space 139776K, 0% used [0x00000000d5580000,0x00000000d5580000,0x00000000dde00000)
  from space 16384K, 36% used [0x00000000ded80000,0x00000000df3505e0,0x00000000dfd80000)
  to   space 15872K, 0% used [0x00000000dde00000,0x00000000dde00000,0x00000000ded80000)
 ParOldGen       total 52736K, used 40413K [0x0000000080000000, 0x0000000083380000, 0x00000000d5580000)
  object space 52736K, 76% used [0x0000000080000000,0x0000000082777608,0x0000000083380000)
 Metaspace       used 47727K, capacity 49244K, committed 49280K, reserved 1097728K
  class space    used 6600K, capacity 7006K, committed 7040K, reserved 1048576K
GC Heap History (10 events):
Event: 24.018 GC heap before
{Heap before GC invocations=19 (full 1):
 PSYoungGen      total 79872K, used 78455K [0x00000000d5580000, 0x00000000dc000000, 0x0000000100000000)
  eden space 72192K, 100% used [0x00000000d5580000,0x00000000d9c00000,0x00000000d9c00000)
  from space 7680K, 81% used [0x00000000d9c00000,0x00000000da21df68,0x00000000da380000)
  to   space 8704K, 0% used [0x00000000db780000,0x00000000db780000,0x00000000dc000000)
 ParOldGen       total 34304K, used 14524K [0x0000000080000000, 0x0000000082180000, 0x00000000d5580000)
  object space 34304K, 42% used [0x0000000080000000,0x0000000080e2f030,0x0000000082180000)
 Metaspace       used 33388K, capacity 34214K, committed 34432K, reserved 1079296K
  class space    used 4451K, capacity 4650K, committed 4736K, reserved 1048576K
Event: 24.030 GC heap after
Heap after GC invocations=19 (full 1):
 PSYoungGen      total 98304K, used 5878K [0x00000000d5580000, 0x00000000dbf80000, 0x0000000100000000)
  eden space 90112K, 0% used [0x00000000d5580000,0x00000000d5580000,0x00000000dad80000)
  from space 8192K, 71% used [0x00000000db780000,0x00000000dbd3daa0,0x00000000dbf80000)
  to   space 9216K, 0% used [0x00000000dad80000,0x00000000dad80000,0x00000000db680000)
 ParOldGen       total 34304K, used 16644K [0x0000000080000000, 0x0000000082180000, 0x00000000d5580000)
  object space 34304K, 48% used [0x0000000080000000,0x0000000081041040,0x0000000082180000)
 Metaspace       used 33388K, capacity 34214K, committed 34432K, reserved 1079296K
  class space    used 4451K, capacity 4650K, committed 4736K, reserved 1048576K
}
Event: 24.590 GC heap before
{Heap before GC invocations=20 (full 1):
 PSYoungGen      total 98304K, used 47171K [0x00000000d5580000, 0x00000000dbf80000, 0x0000000100000000)
  eden space 90112K, 45% used [0x00000000d5580000,0x00000000d7dd32e0,0x00000000dad80000)
  from space 8192K, 71% used [0x00000000db780000,0x00000000dbd3daa0,0x00000000dbf80000)
  to   space 9216K, 0% used [0x00000000dad80000,0x00000000dad80000,0x00000000db680000)
 ParOldGen       total 34304K, used 16644K [0x0000000080000000, 0x0000000082180000, 0x00000000d5580000)
  object space 34304K, 48% used [0x0000000080000000,0x0000000081041040,0x0000000082180000)
 Metaspace       used 34580K, capacity 35358K, committed 35496K, reserved 1079296K
  class space    used 4608K, capacity 4814K, committed 4864K, reserved 1048576K
Event: 24.597 GC heap after
Heap after GC invocations=20 (full 1):
 PSYoungGen      total 99328K, used 1879K [0x00000000d5580000, 0x00000000dd500000, 0x0000000100000000)
  eden space 90112K, 0% used [0x00000000d5580000,0x00000000d5580000,0x00000000dad80000)
  from space 9216K, 20% used [0x00000000dad80000,0x00000000daf55e08,0x00000000db680000)
  to   space 8704K, 0% used [0x00000000dcc80000,0x00000000dcc80000,0x00000000dd500000)
 ParOldGen       total 34304K, used 19284K [0x0000000080000000, 0x0000000082180000, 0x00000000d5580000)
  object space 34304K, 56% used [0x0000000080000000,0x00000000812d50c0,0x0000000082180000)
 Metaspace       used 34580K, capacity 35358K, committed 35496K, reserved 1079296K
  class space    used 4608K, capacity 4814K, committed 4864K, reserved 1048576K
}
Event: 24.597 GC heap before
{Heap before GC invocations=21 (full 2):
 PSYoungGen      total 99328K, used 1879K [0x00000000d5580000, 0x00000000dd500000, 0x0000000100000000)
  eden space 90112K, 0% used [0x00000000d5580000,0x00000000d5580000,0x00000000dad80000)
  from space 9216K, 20% used [0x00000000dad80000,0x00000000daf55e08,0x00000000db680000)
  to   space 8704K, 0% used [0x00000000dcc80000,0x00000000dcc80000,0x00000000dd500000)
 ParOldGen       total 34304K, used 19284K [0x0000000080000000, 0x0000000082180000, 0x00000000d5580000)
  object space 34304K, 56% used [0x0000000080000000,0x00000000812d50c0,0x0000000082180000)
 Metaspace       used 34580K, capacity 35358K, committed 35496K, reserved 1079296K
  class space    used 4608K, capacity 4814K, committed 4864K, reserved 1048576K
Event: 24.700 GC heap after
Heap after GC invocations=21 (full 2):
 PSYoungGen      total 99328K, used 0K [0x00000000d5580000, 0x00000000dd500000, 0x0000000100000000)
  eden space 90112K, 0% used [0x00000000d5580000,0x00000000d5580000,0x00000000dad80000)
  from space 9216K, 0% used [0x00000000dad80000,0x00000000dad80000,0x00000000db680000)
  to   space 8704K, 0% used [0x00000000dcc80000,0x00000000dcc80000,0x00000000dd500000)
 ParOldGen       total 52736K, used 17128K [0x0000000080000000, 0x0000000083380000, 0x00000000d5580000)
  object space 52736K, 32% used [0x0000000080000000,0x00000000810ba2c0,0x0000000083380000)
 Metaspace       used 34535K, capacity 35248K, committed 35496K, reserved 1079296K
  class space    used 4594K, capacity 4800K, committed 4864K, reserved 1048576K
}
Event: 36.218 GC heap before
{Heap before GC invocations=22 (full 2):
 PSYoungGen      total 99328K, used 90112K [0x00000000d5580000, 0x00000000dd500000, 0x0000000100000000)
  eden space 90112K, 100% used [0x00000000d5580000,0x00000000dad80000,0x00000000dad80000)
  from space 9216K, 0% used [0x00000000dad80000,0x00000000dad80000,0x00000000db680000)
  to   space 8704K, 0% used [0x00000000dcc80000,0x00000000dcc80000,0x00000000dd500000)
 ParOldGen       total 52736K, used 17128K [0x0000000080000000, 0x0000000083380000, 0x00000000d5580000)
  object space 52736K, 32% used [0x0000000080000000,0x00000000810ba2c0,0x0000000083380000)
 Metaspace       used 41994K, capacity 42964K, committed 43264K, reserved 1087488K
  class space    used 5621K, capacity 5871K, committed 5888K, reserved 1048576K
Event: 36.232 GC heap after
Heap after GC invocations=22 (full 2):
 PSYoungGen      total 118784K, used 8679K [0x00000000d5580000, 0x00000000dd700000, 0x0000000100000000)
  eden space 110080K, 0% used [0x00000000d5580000,0x00000000d5580000,0x00000000dc100000)
  from space 8704K, 99% used [0x00000000dcc80000,0x00000000dd4f9f28,0x00000000dd500000)
  to   space 11264K, 0% used [0x00000000dc100000,0x00000000dc100000,0x00000000dcc00000)
 ParOldGen       total 52736K, used 19496K [0x0000000080000000, 0x0000000083380000, 0x00000000d5580000)
  object space 52736K, 36% used [0x0000000080000000,0x000000008130a2a0,0x0000000083380000)
 Metaspace       used 41994K, capacity 42964K, committed 43264K, reserved 1087488K
  class space    used 5621K, capacity 5871K, committed 5888K, reserved 1048576K
}
Event: 38.921 GC heap before
{Heap before GC invocations=23 (full 2):
 PSYoungGen      total 118784K, used 118759K [0x00000000d5580000, 0x00000000dd700000, 0x0000000100000000)
  eden space 110080K, 100% used [0x00000000d5580000,0x00000000dc100000,0x00000000dc100000)
  from space 8704K, 99% used [0x00000000dcc80000,0x00000000dd4f9f28,0x00000000dd500000)
  to   space 11264K, 0% used [0x00000000dc100000,0x00000000dc100000,0x00000000dcc00000)
 ParOldGen       total 52736K, used 19496K [0x0000000080000000, 0x0000000083380000, 0x00000000d5580000)
  object space 52736K, 36% used [0x0000000080000000,0x000000008130a2a0,0x0000000083380000)
 Metaspace       used 45916K, capacity 47010K, committed 47360K, reserved 1089536K
  class space    used 6306K, capacity 6558K, committed 6656K, reserved 1048576K
Event: 38.986 GC heap after
Heap after GC invocations=23 (full 2):
 PSYoungGen      total 121344K, used 11264K [0x00000000d5580000, 0x00000000dfe00000, 0x0000000100000000)
  eden space 110080K, 0% used [0x00000000d5580000,0x00000000d5580000,0x00000000dc100000)
  from space 11264K, 100% used [0x00000000dc100000,0x00000000dcc00000,0x00000000dcc00000)
  to   space 16896K, 0% used [0x00000000ded80000,0x00000000ded80000,0x00000000dfe00000)
 ParOldGen       total 52736K, used 29247K [0x0000000080000000, 0x0000000083380000, 0x00000000d5580000)
  object space 52736K, 55% used [0x0000000080000000,0x0000000081c8fcb8,0x0000000083380000)
 Metaspace       used 45916K, capacity 47010K, committed 47360K, reserved 1089536K
  class space    used 6306K, capacity 6558K, committed 6656K, reserved 1048576K
}

